<?xml version="1.0" encoding="UTF-8"?>
<!-- Generated by org.testng.reporters.JUnitReportReporter -->
<testsuite hostname="Lenovo-PC" name="com.automation.AssertR" tests="1" failures="0" timestamp="8 Sep 2020 09:48:49 GMT" time="2.764" errors="0">
  <testcase name="checkRest" time="2.764" classname="com.automation.AssertR"/>
</testsuite> <!-- com.automation.AssertR -->
