<?xml version="1.0" encoding="UTF-8"?>
<!-- Generated by org.testng.reporters.JUnitReportReporter -->
<testsuite hostname="Lenovo-PC" name="com.automation.PutData" tests="1" failures="0" timestamp="27 Aug 2020 08:25:56 GMT" time="1.967" errors="0">
  <testcase name="putD" time="1.967" classname="com.automation.PutData"/>
</testsuite> <!-- com.automation.PutData -->
