<?xml version="1.0" encoding="UTF-8"?>
<!-- Generated by org.testng.reporters.JUnitReportReporter -->
<testsuite hostname="Lenovo-PC" name="com.automation.FetchingNewData" tests="1" failures="0" timestamp="3 Sep 2020 10:12:52 GMT" time="9.525" errors="0">
  <testcase name="check" time="9.525" classname="com.automation.FetchingNewData"/>
</testsuite> <!-- com.automation.FetchingNewData -->
