<?xml version="1.0" encoding="UTF-8"?>
<!-- Generated by org.testng.reporters.JUnitReportReporter -->
<testsuite hostname="Lenovo-PC" name="com.automation.DeleteData" tests="1" failures="0" timestamp="27 Aug 2020 07:54:06 GMT" time="1.783" errors="0">
  <testcase name="dt" time="1.783" classname="com.automation.DeleteData"/>
</testsuite> <!-- com.automation.DeleteData -->
