<?xml version="1.0" encoding="UTF-8"?>
<!-- Generated by org.testng.reporters.JUnitReportReporter -->
<testsuite hostname="Lenovo-PC" name="com.automation.CreateData" tests="1" failures="0" timestamp="27 Aug 2020 08:13:27 GMT" time="2.169" errors="0">
  <testcase name="crd" time="2.169" classname="com.automation.CreateData"/>
</testsuite> <!-- com.automation.CreateData -->
