<?xml version="1.0" encoding="UTF-8"?>
<!-- Generated by org.testng.reporters.JUnitReportReporter -->
<testsuite hostname="Lenovo-PC" name="com.automation.FetchData" tests="1" failures="0" timestamp="27 Aug 2020 07:39:14 GMT" time="2.245" errors="0">
  <testcase name="getData" time="2.245" classname="com.automation.FetchData"/>
</testsuite> <!-- com.automation.FetchData -->
