<?xml version="1.0" encoding="UTF-8"?>
<!-- Generated by org.testng.reporters.JUnitReportReporter -->
<testsuite hostname="Lenovo-PC" name="com.automation.IteratorFetchData" tests="1" failures="0" timestamp="3 Sep 2020 02:06:33 GMT" time="4.755" errors="0">
  <testcase name="checkData" time="4.755" classname="com.automation.IteratorFetchData"/>
</testsuite> <!-- com.automation.IteratorFetchData -->
