<?xml version="1.0" encoding="UTF-8"?>
<!-- Generated by org.testng.reporters.JUnitReportReporter -->
<testsuite hostname="Lenovo-PC" name="com.automation.AssertionT" tests="1" failures="0" timestamp="8 Sep 2020 09:43:24 GMT" time="3.881" errors="0">
  <testcase name="assertv" time="3.881" classname="com.automation.AssertionT"/>
</testsuite> <!-- com.automation.AssertionT -->
