<?xml version="1.0" encoding="UTF-8"?>
<!-- Generated by org.testng.reporters.JUnitReportReporter -->
<testsuite hostname="Lenovo-PC" name="com.automation.GetTest1" tests="1" failures="0" timestamp="1 Sep 2020 12:45:59 GMT" time="3.306" errors="0">
  <testcase name="checkData" time="3.306" classname="com.automation.GetTest1"/>
</testsuite> <!-- com.automation.GetTest1 -->
