<?xml version="1.0" encoding="UTF-8"?>
<!-- Generated by org.testng.reporters.JUnitReportReporter -->
<testsuite hostname="Lenovo-PC" name="com.automation.FetchBook" tests="1" failures="0" timestamp="2 Sep 2020 13:23:57 GMT" time="4.388" errors="0">
  <testcase name="fetch" time="4.388" classname="com.automation.FetchBook"/>
</testsuite> <!-- com.automation.FetchBook -->
