<?xml version="1.0" encoding="UTF-8"?>
<!-- Generated by org.testng.reporters.JUnitReportReporter -->
<testsuite hostname="Lenovo-PC" name="com.automation.PatchData" tests="1" failures="0" timestamp="27 Aug 2020 08:40:10 GMT" time="1.910" errors="0">
  <testcase name="patchd" time="1.910" classname="com.automation.PatchData"/>
</testsuite> <!-- com.automation.PatchData -->
