<?xml version="1.0" encoding="UTF-8"?>
<!-- Generated by org.testng.reporters.JUnitReportReporter -->
<testsuite hostname="Lenovo-PC" name="com.automation.QueryP" tests="1" failures="0" timestamp="8 Sep 2020 09:26:19 GMT" time="5.577" errors="0">
  <testcase name="checkp" time="5.577" classname="com.automation.QueryP"/>
</testsuite> <!-- com.automation.QueryP -->
