<?xml version="1.0" encoding="UTF-8"?>
<!-- Generated by org.testng.reporters.JUnitReportReporter -->
<testsuite hostname="Lenovo-PC" name="com.automation.AddNewData" tests="1" failures="0" timestamp="31 Aug 2020 07:45:03 GMT" time="2.519" errors="0">
  <testcase name="addnew" time="2.519" classname="com.automation.AddNewData"/>
</testsuite> <!-- com.automation.AddNewData -->
