<?xml version="1.0" encoding="UTF-8"?>
<!-- Generated by org.testng.reporters.JUnitReportReporter -->
<testsuite hostname="Lenovo-PC" name="com.automation.FetchCountries" tests="1" failures="0" timestamp="3 Sep 2020 01:44:55 GMT" time="4.996" errors="0">
  <testcase name="check" time="4.996" classname="com.automation.FetchCountries"/>
</testsuite> <!-- com.automation.FetchCountries -->
