<?xml version="1.0" encoding="UTF-8"?>
<!-- Generated by org.testng.reporters.JUnitReportReporter -->
<testsuite hostname="Lenovo-PC" name="com.apiTest.FetchTest" tests="1" failures="0" timestamp="12 Sep 2020 12:19:48 GMT" time="3.189" errors="0">
  <testcase name="demo" time="3.189" classname="com.apiTest.FetchTest"/>
</testsuite> <!-- com.apiTest.FetchTest -->
