<?xml version="1.0" encoding="UTF-8"?>
<!-- Generated by org.testng.reporters.JUnitReportReporter -->
<testsuite hostname="Lenovo-PC" name="com.automation.AddNew2" tests="1" failures="0" timestamp="1 Sep 2020 12:35:02 GMT" time="2.411" errors="0">
  <testcase name="data" time="2.411" classname="com.automation.AddNew2"/>
</testsuite> <!-- com.automation.AddNew2 -->
