<?xml version="1.0" encoding="UTF-8"?>
<!-- Generated by org.testng.reporters.JUnitReportReporter -->
<testsuite hostname="Lenovo-PC" name="com.automation.FetchName" tests="1" failures="0" timestamp="2 Sep 2020 04:48:00 GMT" time="4.609" errors="0">
  <testcase name="check" time="4.609" classname="com.automation.FetchName"/>
</testsuite> <!-- com.automation.FetchName -->
