<?xml version="1.0" encoding="UTF-8"?>
<!-- Generated by org.testng.reporters.JUnitReportReporter -->
<testsuite hostname="Lenovo-PC" name="com.automation.QueryP" tests="1" failures="0" timestamp="12 Sep 2020 13:36:53 GMT" time="0.844" errors="0">
  <testcase name="checkp" time="0.844" classname="com.automation.QueryP"/>
</testsuite> <!-- com.automation.QueryP -->
