<?xml version="1.0" encoding="UTF-8"?>
<!-- Generated by org.testng.reporters.JUnitReportReporter -->
<testsuite hostname="Lenovo-PC" name="com.automation.FetchName" tests="1" failures="0" timestamp="12 Sep 2020 13:36:53 GMT" time="1.078" errors="0">
  <testcase name="check" time="1.078" classname="com.automation.FetchName"/>
</testsuite> <!-- com.automation.FetchName -->
