<?xml version="1.0" encoding="UTF-8"?>
<!-- Generated by org.testng.reporters.JUnitReportReporter -->
<testsuite hostname="Lenovo-PC" name="com.automation.FetchingNewData" tests="1" failures="0" timestamp="12 Sep 2020 13:36:53 GMT" time="4.344" errors="0">
  <testcase name="check" time="4.344" classname="com.automation.FetchingNewData"/>
</testsuite> <!-- com.automation.FetchingNewData -->
