<?xml version="1.0" encoding="UTF-8"?>
<!-- Generated by org.testng.reporters.JUnitReportReporter -->
<testsuite hostname="Lenovo-PC" name="com.automation.FetchData" tests="1" failures="0" timestamp="12 Sep 2020 13:36:53 GMT" time="0.047" errors="0">
  <testcase name="getData" time="0.047" classname="com.automation.FetchData"/>
</testsuite> <!-- com.automation.FetchData -->
