<?xml version="1.0" encoding="UTF-8"?>
<!-- Generated by org.testng.reporters.JUnitReportReporter -->
<testsuite hostname="Lenovo-PC" name="com.automation.PutData" tests="1" failures="0" timestamp="12 Sep 2020 13:36:53 GMT" time="0.062" errors="0">
  <testcase name="putD" time="0.062" classname="com.automation.PutData"/>
</testsuite> <!-- com.automation.PutData -->
