<?xml version="1.0" encoding="UTF-8"?>
<!-- Generated by org.testng.reporters.JUnitReportReporter -->
<testsuite hostname="Lenovo-PC" name="com.automation.CreateData" tests="1" failures="0" timestamp="12 Sep 2020 13:36:53 GMT" time="0.515" errors="0">
  <testcase name="crd" time="0.515" classname="com.automation.CreateData"/>
</testsuite> <!-- com.automation.CreateData -->
